<?xml version="1.0" encoding="UTF-8"?>
<!-- Generated by org.testng.reporters.JUnitReportReporter -->
<testsuite hostname="DESKTOP-NVDDM65" failures="0" tests="1" name="com.jobportal.TestCases.TC_LogIn_001" time="25.092" errors="0" timestamp="2021-03-05T13:29:04 IST" skipped="0">
  <testcase classname="com.jobportal.TestCases.TC_LogIn_001" name="logintest" time="25.092"/>
  <system-out/>
</testsuite> <!-- com.jobportal.TestCases.TC_LogIn_001 -->
