<?xml version="1.0" encoding="UTF-8"?>
<!-- Generated by org.testng.reporters.JUnitReportReporter -->
<testsuite hostname="DESKTOP-NVDDM65" failures="0" tests="1" name="com.jobportal.TestCases.TC_Register_00" time="66.600" errors="0" timestamp="2021-02-19T15:30:04 IST" skipped="0">
  <testcase classname="com.jobportal.TestCases.TC_Register_00" name="regisetrnow" time="66.600"/>
  <system-out/>
</testsuite> <!-- com.jobportal.TestCases.TC_Register_00 -->
